2015-01-29 09:15:48 Error: [MissingControllerException] Controller class RobotsController could not be found.
#0 /matrix/www/arcslegacy/public_html/app/webroot/index.php(96): Dispatcher->dispatch(Object(CakeRequest), Object(CakeResponse))
#1 {main}
2015-01-29 09:15:48 Error: [MissingControllerException] Controller class RobotsController could not be found.
#0 /matrix/www/arcslegacy/public_html/app/webroot/index.php(96): Dispatcher->dispatch(Object(CakeRequest), Object(CakeResponse))
#1 {main}
2015-01-29 09:15:48 Error: [MissingControllerException] Controller class RobotsController could not be found.
#0 /matrix/www/arcslegacy/public_html/app/webroot/index.php(96): Dispatcher->dispatch(Object(CakeRequest), Object(CakeResponse))
#1 {main}
2015-01-29 09:15:48 Error: Fatal Error (256): [MissingViewException] View file "/matrix/www/arcslegacy/public_html/app/View/Errors/txt/error400.tpl" is missing.
#0 /matrix/www/arcslegacy/public_html/lib/Cake/View/View.php(441): View->_getViewFileName('error400')
#1 /matrix/www/arcslegacy/public_html/lib/Cake/Controller/Controller.php(933): View->render('error400', NULL)
#2 /matrix/www/arcslegacy/public_html/lib/Cake/Error/ExceptionRenderer.php(272): Controller->render('error400')
#3 /matrix/www/arcslegacy/public_html/lib/Cake/Error/ExceptionRenderer.php(215): ExceptionRenderer->_outputMessage('error400')
#4 [internal function]: ExceptionRenderer->error400(Object(MissingControllerException))
#5 /matrix/www/arcslegacy/public_html/lib/Cake/Error/ExceptionRenderer.php(165): call_user_func_array(Array, Array)
#6 /matrix/www/arcslegacy/public_html/lib/Cake/Error/ErrorHandler.php(127): ExceptionRenderer->render()
#7 [internal function]: ErrorHandler::handleException(Object(MissingControllerException))
#8 {main} in [/matrix/www/arcslegacy/public_html/lib/Cake/Error/ErrorHandler.php, line 136]
2015-01-29 09:15:48 Error: Fatal Error (256): [MissingViewException] View file "/matrix/www/arcslegacy/public_html/app/View/Errors/txt/error400.tpl" is missing.
#0 /matrix/www/arcslegacy/public_html/lib/Cake/View/View.php(441): View->_getViewFileName('error400')
#1 /matrix/www/arcslegacy/public_html/lib/Cake/Controller/Controller.php(933): View->render('error400', NULL)
#2 /matrix/www/arcslegacy/public_html/lib/Cake/Error/ExceptionRenderer.php(272): Controller->render('error400')
#3 /matrix/www/arcslegacy/public_html/lib/Cake/Error/ExceptionRenderer.php(215): ExceptionRenderer->_outputMessage('error400')
#4 [internal function]: ExceptionRenderer->error400(Object(MissingControllerException))
#5 /matrix/www/arcslegacy/public_html/lib/Cake/Error/ExceptionRenderer.php(165): call_user_func_array(Array, Array)
#6 /matrix/www/arcslegacy/public_html/lib/Cake/Error/ErrorHandler.php(127): ExceptionRenderer->render()
#7 [internal function]: ErrorHandler::handleException(Object(MissingControllerException))
#8 {main} in [/matrix/www/arcslegacy/public_html/lib/Cake/Error/ErrorHandler.php, line 136]
2015-01-29 09:15:48 Error: Fatal Error (256): [MissingViewException] View file "/matrix/www/arcslegacy/public_html/app/View/Errors/txt/error400.tpl" is missing.
#0 /matrix/www/arcslegacy/public_html/lib/Cake/View/View.php(441): View->_getViewFileName('error400')
#1 /matrix/www/arcslegacy/public_html/lib/Cake/Controller/Controller.php(933): View->render('error400', NULL)
#2 /matrix/www/arcslegacy/public_html/lib/Cake/Error/ExceptionRenderer.php(272): Controller->render('error400')
#3 /matrix/www/arcslegacy/public_html/lib/Cake/Error/ExceptionRenderer.php(215): ExceptionRenderer->_outputMessage('error400')
#4 [internal function]: ExceptionRenderer->error400(Object(MissingControllerException))
#5 /matrix/www/arcslegacy/public_html/lib/Cake/Error/ExceptionRenderer.php(165): call_user_func_array(Array, Array)
#6 /matrix/www/arcslegacy/public_html/lib/Cake/Error/ErrorHandler.php(127): ExceptionRenderer->render()
#7 [internal function]: ErrorHandler::handleException(Object(MissingControllerException))
#8 {main} in [/matrix/www/arcslegacy/public_html/lib/Cake/Error/ErrorHandler.php, line 136]
2015-01-29 09:15:48 Error: [MissingControllerException] Controller class RobotsController could not be found.
#0 /matrix/www/arcslegacy/public_html/app/webroot/index.php(96): Dispatcher->dispatch(Object(CakeRequest), Object(CakeResponse))
#1 {main}
2015-01-29 09:15:48 Error: Fatal Error (256): [MissingViewException] View file "/matrix/www/arcslegacy/public_html/app/View/Errors/txt/error400.tpl" is missing.
#0 /matrix/www/arcslegacy/public_html/lib/Cake/View/View.php(441): View->_getViewFileName('error400')
#1 /matrix/www/arcslegacy/public_html/lib/Cake/Controller/Controller.php(933): View->render('error400', NULL)
#2 /matrix/www/arcslegacy/public_html/lib/Cake/Error/ExceptionRenderer.php(272): Controller->render('error400')
#3 /matrix/www/arcslegacy/public_html/lib/Cake/Error/ExceptionRenderer.php(215): ExceptionRenderer->_outputMessage('error400')
#4 [internal function]: ExceptionRenderer->error400(Object(MissingControllerException))
#5 /matrix/www/arcslegacy/public_html/lib/Cake/Error/ExceptionRenderer.php(165): call_user_func_array(Array, Array)
#6 /matrix/www/arcslegacy/public_html/lib/Cake/Error/ErrorHandler.php(127): ExceptionRenderer->render()
#7 [internal function]: ErrorHandler::handleException(Object(MissingControllerException))
#8 {main} in [/matrix/www/arcslegacy/public_html/lib/Cake/Error/ErrorHandler.php, line 136]
2015-01-29 09:15:50 Error: [MissingControllerException] Controller class RobotsController could not be found.
#0 /matrix/www/arcslegacy/public_html/app/webroot/index.php(96): Dispatcher->dispatch(Object(CakeRequest), Object(CakeResponse))
#1 {main}
2015-01-29 09:15:50 Error: Fatal Error (256): [MissingViewException] View file "/matrix/www/arcslegacy/public_html/app/View/Errors/txt/error400.tpl" is missing.
#0 /matrix/www/arcslegacy/public_html/lib/Cake/View/View.php(441): View->_getViewFileName('error400')
#1 /matrix/www/arcslegacy/public_html/lib/Cake/Controller/Controller.php(933): View->render('error400', NULL)
#2 /matrix/www/arcslegacy/public_html/lib/Cake/Error/ExceptionRenderer.php(272): Controller->render('error400')
#3 /matrix/www/arcslegacy/public_html/lib/Cake/Error/ExceptionRenderer.php(215): ExceptionRenderer->_outputMessage('error400')
#4 [internal function]: ExceptionRenderer->error400(Object(MissingControllerException))
#5 /matrix/www/arcslegacy/public_html/lib/Cake/Error/ExceptionRenderer.php(165): call_user_func_array(Array, Array)
#6 /matrix/www/arcslegacy/public_html/lib/Cake/Error/ErrorHandler.php(127): ExceptionRenderer->render()
#7 [internal function]: ErrorHandler::handleException(Object(MissingControllerException))
#8 {main} in [/matrix/www/arcslegacy/public_html/lib/Cake/Error/ErrorHandler.php, line 136]
2015-01-29 09:15:52 Error: [BadRequestException] Bad Request
#0 [internal function]: CollectionsController->viewer()
#1 /matrix/www/arcslegacy/public_html/lib/Cake/Controller/Controller.php(484): ReflectionMethod->invokeArgs(Object(CollectionsController), Array)
#2 /matrix/www/arcslegacy/public_html/lib/Cake/Routing/Dispatcher.php(104): Controller->invokeAction(Object(CakeRequest))
#3 /matrix/www/arcslegacy/public_html/lib/Cake/Routing/Dispatcher.php(86): Dispatcher->_invoke(Object(CollectionsController), Object(CakeRequest), Object(CakeResponse))
#4 /matrix/www/arcslegacy/public_html/app/webroot/index.php(96): Dispatcher->dispatch(Object(CakeRequest), Object(CakeResponse))
#5 {main}
2015-01-29 09:15:54 Error: [MissingControllerException] Controller class RobotsController could not be found.
#0 /matrix/www/arcslegacy/public_html/app/webroot/index.php(96): Dispatcher->dispatch(Object(CakeRequest), Object(CakeResponse))
#1 {main}
2015-01-29 09:15:54 Error: Fatal Error (256): [MissingViewException] View file "/matrix/www/arcslegacy/public_html/app/View/Errors/txt/error400.tpl" is missing.
#0 /matrix/www/arcslegacy/public_html/lib/Cake/View/View.php(441): View->_getViewFileName('error400')
#1 /matrix/www/arcslegacy/public_html/lib/Cake/Controller/Controller.php(933): View->render('error400', NULL)
#2 /matrix/www/arcslegacy/public_html/lib/Cake/Error/ExceptionRenderer.php(272): Controller->render('error400')
#3 /matrix/www/arcslegacy/public_html/lib/Cake/Error/ExceptionRenderer.php(215): ExceptionRenderer->_outputMessage('error400')
#4 [internal function]: ExceptionRenderer->error400(Object(MissingControllerException))
#5 /matrix/www/arcslegacy/public_html/lib/Cake/Error/ExceptionRenderer.php(165): call_user_func_array(Array, Array)
#6 /matrix/www/arcslegacy/public_html/lib/Cake/Error/ErrorHandler.php(127): ExceptionRenderer->render()
#7 [internal function]: ErrorHandler::handleException(Object(MissingControllerException))
#8 {main} in [/matrix/www/arcslegacy/public_html/lib/Cake/Error/ErrorHandler.php, line 136]
2015-01-29 09:16:30 Error: [MissingControllerException] Controller class RobotsController could not be found.
#0 /matrix/www/arcslegacy/public_html/app/webroot/index.php(96): Dispatcher->dispatch(Object(CakeRequest), Object(CakeResponse))
#1 {main}
2015-01-29 09:16:30 Error: Fatal Error (256): [MissingViewException] View file "/matrix/www/arcslegacy/public_html/app/View/Errors/txt/error400.tpl" is missing.
#0 /matrix/www/arcslegacy/public_html/lib/Cake/View/View.php(441): View->_getViewFileName('error400')
#1 /matrix/www/arcslegacy/public_html/lib/Cake/Controller/Controller.php(933): View->render('error400', NULL)
#2 /matrix/www/arcslegacy/public_html/lib/Cake/Error/ExceptionRenderer.php(272): Controller->render('error400')
#3 /matrix/www/arcslegacy/public_html/lib/Cake/Error/ExceptionRenderer.php(215): ExceptionRenderer->_outputMessage('error400')
#4 [internal function]: ExceptionRenderer->error400(Object(MissingControllerException))
#5 /matrix/www/arcslegacy/public_html/lib/Cake/Error/ExceptionRenderer.php(165): call_user_func_array(Array, Array)
#6 /matrix/www/arcslegacy/public_html/lib/Cake/Error/ErrorHandler.php(127): ExceptionRenderer->render()
#7 [internal function]: ErrorHandler::handleException(Object(MissingControllerException))
#8 {main} in [/matrix/www/arcslegacy/public_html/lib/Cake/Error/ErrorHandler.php, line 136]
2015-01-29 09:16:46 Error: [MissingControllerException] Controller class RobotsController could not be found.
#0 /matrix/www/arcslegacy/public_html/app/webroot/index.php(96): Dispatcher->dispatch(Object(CakeRequest), Object(CakeResponse))
#1 {main}
2015-01-29 09:16:46 Error: Fatal Error (256): [MissingViewException] View file "/matrix/www/arcslegacy/public_html/app/View/Errors/txt/error400.tpl" is missing.
#0 /matrix/www/arcslegacy/public_html/lib/Cake/View/View.php(441): View->_getViewFileName('error400')
#1 /matrix/www/arcslegacy/public_html/lib/Cake/Controller/Controller.php(933): View->render('error400', NULL)
#2 /matrix/www/arcslegacy/public_html/lib/Cake/Error/ExceptionRenderer.php(272): Controller->render('error400')
#3 /matrix/www/arcslegacy/public_html/lib/Cake/Error/ExceptionRenderer.php(215): ExceptionRenderer->_outputMessage('error400')
#4 [internal function]: ExceptionRenderer->error400(Object(MissingControllerException))
#5 /matrix/www/arcslegacy/public_html/lib/Cake/Error/ExceptionRenderer.php(165): call_user_func_array(Array, Array)
#6 /matrix/www/arcslegacy/public_html/lib/Cake/Error/ErrorHandler.php(127): ExceptionRenderer->render()
#7 [internal function]: ErrorHandler::handleException(Object(MissingControllerException))
#8 {main} in [/matrix/www/arcslegacy/public_html/lib/Cake/Error/ErrorHandler.php, line 136]
2015-01-29 09:21:58 Error: [MissingControllerException] Controller class RobotsController could not be found.
#0 /matrix/www/arcslegacy/public_html/app/webroot/index.php(96): Dispatcher->dispatch(Object(CakeRequest), Object(CakeResponse))
#1 {main}
2015-01-29 09:21:58 Error: [MissingControllerException] Controller class RobotsController could not be found.
#0 /matrix/www/arcslegacy/public_html/app/webroot/index.php(96): Dispatcher->dispatch(Object(CakeRequest), Object(CakeResponse))
#1 {main}
2015-01-29 09:21:58 Error: Fatal Error (256): [MissingViewException] View file "/matrix/www/arcslegacy/public_html/app/View/Errors/txt/error400.tpl" is missing.
#0 /matrix/www/arcslegacy/public_html/lib/Cake/View/View.php(441): View->_getViewFileName('error400')
#1 /matrix/www/arcslegacy/public_html/lib/Cake/Controller/Controller.php(933): View->render('error400', NULL)
#2 /matrix/www/arcslegacy/public_html/lib/Cake/Error/ExceptionRenderer.php(272): Controller->render('error400')
#3 /matrix/www/arcslegacy/public_html/lib/Cake/Error/ExceptionRenderer.php(215): ExceptionRenderer->_outputMessage('error400')
#4 [internal function]: ExceptionRenderer->error400(Object(MissingControllerException))
#5 /matrix/www/arcslegacy/public_html/lib/Cake/Error/ExceptionRenderer.php(165): call_user_func_array(Array, Array)
#6 /matrix/www/arcslegacy/public_html/lib/Cake/Error/ErrorHandler.php(127): ExceptionRenderer->render()
#7 [internal function]: ErrorHandler::handleException(Object(MissingControllerException))
#8 {main} in [/matrix/www/arcslegacy/public_html/lib/Cake/Error/ErrorHandler.php, line 136]
2015-01-29 09:21:59 Error: Fatal Error (256): [MissingViewException] View file "/matrix/www/arcslegacy/public_html/app/View/Errors/txt/error400.tpl" is missing.
#0 /matrix/www/arcslegacy/public_html/lib/Cake/View/View.php(441): View->_getViewFileName('error400')
#1 /matrix/www/arcslegacy/public_html/lib/Cake/Controller/Controller.php(933): View->render('error400', NULL)
#2 /matrix/www/arcslegacy/public_html/lib/Cake/Error/ExceptionRenderer.php(272): Controller->render('error400')
#3 /matrix/www/arcslegacy/public_html/lib/Cake/Error/ExceptionRenderer.php(215): ExceptionRenderer->_outputMessage('error400')
#4 [internal function]: ExceptionRenderer->error400(Object(MissingControllerException))
#5 /matrix/www/arcslegacy/public_html/lib/Cake/Error/ExceptionRenderer.php(165): call_user_func_array(Array, Array)
#6 /matrix/www/arcslegacy/public_html/lib/Cake/Error/ErrorHandler.php(127): ExceptionRenderer->render()
#7 [internal function]: ErrorHandler::handleException(Object(MissingControllerException))
#8 {main} in [/matrix/www/arcslegacy/public_html/lib/Cake/Error/ErrorHandler.php, line 136]
2015-01-29 09:22:00 Error: [MissingControllerException] Controller class RobotsController could not be found.
#0 /matrix/www/arcslegacy/public_html/app/webroot/index.php(96): Dispatcher->dispatch(Object(CakeRequest), Object(CakeResponse))
#1 {main}
2015-01-29 09:22:00 Error: Fatal Error (256): [MissingViewException] View file "/matrix/www/arcslegacy/public_html/app/View/Errors/txt/error400.tpl" is missing.
#0 /matrix/www/arcslegacy/public_html/lib/Cake/View/View.php(441): View->_getViewFileName('error400')
#1 /matrix/www/arcslegacy/public_html/lib/Cake/Controller/Controller.php(933): View->render('error400', NULL)
#2 /matrix/www/arcslegacy/public_html/lib/Cake/Error/ExceptionRenderer.php(272): Controller->render('error400')
#3 /matrix/www/arcslegacy/public_html/lib/Cake/Error/ExceptionRenderer.php(215): ExceptionRenderer->_outputMessage('error400')
#4 [internal function]: ExceptionRenderer->error400(Object(MissingControllerException))
#5 /matrix/www/arcslegacy/public_html/lib/Cake/Error/ExceptionRenderer.php(165): call_user_func_array(Array, Array)
#6 /matrix/www/arcslegacy/public_html/lib/Cake/Error/ErrorHandler.php(127): ExceptionRenderer->render()
#7 [internal function]: ErrorHandler::handleException(Object(MissingControllerException))
#8 {main} in [/matrix/www/arcslegacy/public_html/lib/Cake/Error/ErrorHandler.php, line 136]
2015-01-29 09:22:00 Error: Fatal Error (256): [MissingViewException] View file "/matrix/www/arcslegacy/public_html/app/View/Errors/txt/error400.tpl" is missing.
#0 /matrix/www/arcslegacy/public_html/lib/Cake/View/View.php(441): View->_getViewFileName('error400')
#1 /matrix/www/arcslegacy/public_html/lib/Cake/Controller/Controller.php(933): View->render('error400', NULL)
#2 /matrix/www/arcslegacy/public_html/lib/Cake/Error/ExceptionRenderer.php(272): Controller->render('error400')
#3 /matrix/www/arcslegacy/public_html/lib/Cake/Error/ExceptionRenderer.php(215): ExceptionRenderer->_outputMessage('error400')
#4 [internal function]: ExceptionRenderer->error400(Object(MissingControllerException))
#5 /matrix/www/arcslegacy/public_html/lib/Cake/Error/ExceptionRenderer.php(165): call_user_func_array(Array, Array)
#6 /matrix/www/arcslegacy/public_html/lib/Cake/Error/ErrorHandler.php(127): ExceptionRenderer->render()
#7 [internal function]: ErrorHandler::handleException(Object(MissingControllerException))
#8 {main} in [/matrix/www/arcslegacy/public_html/lib/Cake/Error/ErrorHandler.php, line 136]
2015-01-29 09:28:54 Error: [MissingControllerException] Controller class RobotsController could not be found.
#0 /matrix/www/arcslegacy/public_html/app/webroot/index.php(96): Dispatcher->dispatch(Object(CakeRequest), Object(CakeResponse))
#1 {main}
2015-01-29 09:28:54 Error: Fatal Error (256): [MissingViewException] View file "/matrix/www/arcslegacy/public_html/app/View/Errors/txt/error400.tpl" is missing.
#0 /matrix/www/arcslegacy/public_html/lib/Cake/View/View.php(441): View->_getViewFileName('error400')
#1 /matrix/www/arcslegacy/public_html/lib/Cake/Controller/Controller.php(933): View->render('error400', NULL)
#2 /matrix/www/arcslegacy/public_html/lib/Cake/Error/ExceptionRenderer.php(272): Controller->render('error400')
#3 /matrix/www/arcslegacy/public_html/lib/Cake/Error/ExceptionRenderer.php(215): ExceptionRenderer->_outputMessage('error400')
#4 [internal function]: ExceptionRenderer->error400(Object(MissingControllerException))
#5 /matrix/www/arcslegacy/public_html/lib/Cake/Error/ExceptionRenderer.php(165): call_user_func_array(Array, Array)
#6 /matrix/www/arcslegacy/public_html/lib/Cake/Error/ErrorHandler.php(127): ExceptionRenderer->render()
#7 [internal function]: ErrorHandler::handleException(Object(MissingControllerException))
#8 {main} in [/matrix/www/arcslegacy/public_html/lib/Cake/Error/ErrorHandler.php, line 136]
2015-01-29 09:30:32 Error: [MissingControllerException] Controller class RobotsController could not be found.
#0 /matrix/www/arcslegacy/public_html/app/webroot/index.php(96): Dispatcher->dispatch(Object(CakeRequest), Object(CakeResponse))
#1 {main}
2015-01-29 09:30:32 Error: Fatal Error (256): [MissingViewException] View file "/matrix/www/arcslegacy/public_html/app/View/Errors/txt/error400.tpl" is missing.
#0 /matrix/www/arcslegacy/public_html/lib/Cake/View/View.php(441): View->_getViewFileName('error400')
#1 /matrix/www/arcslegacy/public_html/lib/Cake/Controller/Controller.php(933): View->render('error400', NULL)
#2 /matrix/www/arcslegacy/public_html/lib/Cake/Error/ExceptionRenderer.php(272): Controller->render('error400')
#3 /matrix/www/arcslegacy/public_html/lib/Cake/Error/ExceptionRenderer.php(215): ExceptionRenderer->_outputMessage('error400')
#4 [internal function]: ExceptionRenderer->error400(Object(MissingControllerException))
#5 /matrix/www/arcslegacy/public_html/lib/Cake/Error/ExceptionRenderer.php(165): call_user_func_array(Array, Array)
#6 /matrix/www/arcslegacy/public_html/lib/Cake/Error/ErrorHandler.php(127): ExceptionRenderer->render()
#7 [internal function]: ErrorHandler::handleException(Object(MissingControllerException))
#8 {main} in [/matrix/www/arcslegacy/public_html/lib/Cake/Error/ErrorHandler.php, line 136]
2015-01-29 09:30:33 Error: [MissingControllerException] Controller class Apple-touch-iconController could not be found.
#0 /matrix/www/arcslegacy/public_html/app/webroot/index.php(96): Dispatcher->dispatch(Object(CakeRequest), Object(CakeResponse))
#1 {main}
2015-01-29 09:30:33 Error: Fatal Error (256): [MissingViewException] View file "/matrix/www/arcslegacy/public_html/app/View/Errors/png/error400.tpl" is missing.
#0 /matrix/www/arcslegacy/public_html/lib/Cake/View/View.php(441): View->_getViewFileName('error400')
#1 /matrix/www/arcslegacy/public_html/lib/Cake/Controller/Controller.php(933): View->render('error400', NULL)
#2 /matrix/www/arcslegacy/public_html/lib/Cake/Error/ExceptionRenderer.php(272): Controller->render('error400')
#3 /matrix/www/arcslegacy/public_html/lib/Cake/Error/ExceptionRenderer.php(215): ExceptionRenderer->_outputMessage('error400')
#4 [internal function]: ExceptionRenderer->error400(Object(MissingControllerException))
#5 /matrix/www/arcslegacy/public_html/lib/Cake/Error/ExceptionRenderer.php(165): call_user_func_array(Array, Array)
#6 /matrix/www/arcslegacy/public_html/lib/Cake/Error/ErrorHandler.php(127): ExceptionRenderer->render()
#7 [internal function]: ErrorHandler::handleException(Object(MissingControllerException))
#8 {main} in [/matrix/www/arcslegacy/public_html/lib/Cake/Error/ErrorHandler.php, line 136]
2015-01-29 09:30:33 Error: [MissingControllerException] Controller class Apple-touch-icon-precomposedController could not be found.
#0 /matrix/www/arcslegacy/public_html/app/webroot/index.php(96): Dispatcher->dispatch(Object(CakeRequest), Object(CakeResponse))
#1 {main}
2015-01-29 09:30:33 Error: Fatal Error (256): [MissingViewException] View file "/matrix/www/arcslegacy/public_html/app/View/Errors/png/error400.tpl" is missing.
#0 /matrix/www/arcslegacy/public_html/lib/Cake/View/View.php(441): View->_getViewFileName('error400')
#1 /matrix/www/arcslegacy/public_html/lib/Cake/Controller/Controller.php(933): View->render('error400', NULL)
#2 /matrix/www/arcslegacy/public_html/lib/Cake/Error/ExceptionRenderer.php(272): Controller->render('error400')
#3 /matrix/www/arcslegacy/public_html/lib/Cake/Error/ExceptionRenderer.php(215): ExceptionRenderer->_outputMessage('error400')
#4 [internal function]: ExceptionRenderer->error400(Object(MissingControllerException))
#5 /matrix/www/arcslegacy/public_html/lib/Cake/Error/ExceptionRenderer.php(165): call_user_func_array(Array, Array)
#6 /matrix/www/arcslegacy/public_html/lib/Cake/Error/ErrorHandler.php(127): ExceptionRenderer->render()
#7 [internal function]: ErrorHandler::handleException(Object(MissingControllerException))
#8 {main} in [/matrix/www/arcslegacy/public_html/lib/Cake/Error/ErrorHandler.php, line 136]
2015-01-29 09:32:05 Error: [MissingControllerException] Controller class RobotsController could not be found.
#0 /matrix/www/arcslegacy/public_html/app/webroot/index.php(96): Dispatcher->dispatch(Object(CakeRequest), Object(CakeResponse))
#1 {main}
2015-01-29 09:32:05 Error: Fatal Error (256): [MissingViewException] View file "/matrix/www/arcslegacy/public_html/app/View/Errors/txt/error400.tpl" is missing.
#0 /matrix/www/arcslegacy/public_html/lib/Cake/View/View.php(441): View->_getViewFileName('error400')
#1 /matrix/www/arcslegacy/public_html/lib/Cake/Controller/Controller.php(933): View->render('error400', NULL)
#2 /matrix/www/arcslegacy/public_html/lib/Cake/Error/ExceptionRenderer.php(272): Controller->render('error400')
#3 /matrix/www/arcslegacy/public_html/lib/Cake/Error/ExceptionRenderer.php(215): ExceptionRenderer->_outputMessage('error400')
#4 [internal function]: ExceptionRenderer->error400(Object(MissingControllerException))
#5 /matrix/www/arcslegacy/public_html/lib/Cake/Error/ExceptionRenderer.php(165): call_user_func_array(Array, Array)
#6 /matrix/www/arcslegacy/public_html/lib/Cake/Error/ErrorHandler.php(127): ExceptionRenderer->render()
#7 [internal function]: ErrorHandler::handleException(Object(MissingControllerException))
#8 {main} in [/matrix/www/arcslegacy/public_html/lib/Cake/Error/ErrorHandler.php, line 136]
2015-01-29 09:40:13 Error: [MissingControllerException] Controller class RobotsController could not be found.
#0 /matrix/www/arcslegacy/public_html/app/webroot/index.php(96): Dispatcher->dispatch(Object(CakeRequest), Object(CakeResponse))
#1 {main}
2015-01-29 09:40:13 Error: Fatal Error (256): [MissingViewException] View file "/matrix/www/arcslegacy/public_html/app/View/Errors/txt/error400.tpl" is missing.
#0 /matrix/www/arcslegacy/public_html/lib/Cake/View/View.php(441): View->_getViewFileName('error400')
#1 /matrix/www/arcslegacy/public_html/lib/Cake/Controller/Controller.php(933): View->render('error400', NULL)
#2 /matrix/www/arcslegacy/public_html/lib/Cake/Error/ExceptionRenderer.php(272): Controller->render('error400')
#3 /matrix/www/arcslegacy/public_html/lib/Cake/Error/ExceptionRenderer.php(215): ExceptionRenderer->_outputMessage('error400')
#4 [internal function]: ExceptionRenderer->error400(Object(MissingControllerException))
#5 /matrix/www/arcslegacy/public_html/lib/Cake/Error/ExceptionRenderer.php(165): call_user_func_array(Array, Array)
#6 /matrix/www/arcslegacy/public_html/lib/Cake/Error/ErrorHandler.php(127): ExceptionRenderer->render()
#7 [internal function]: ErrorHandler::handleException(Object(MissingControllerException))
#8 {main} in [/matrix/www/arcslegacy/public_html/lib/Cake/Error/ErrorHandler.php, line 136]
2015-01-29 09:48:04 Error: [MissingControllerException] Controller class RobotsController could not be found.
#0 /matrix/www/arcslegacy/public_html/app/webroot/index.php(96): Dispatcher->dispatch(Object(CakeRequest), Object(CakeResponse))
#1 {main}
2015-01-29 09:48:05 Error: Fatal Error (256): [MissingViewException] View file "/matrix/www/arcslegacy/public_html/app/View/Errors/txt/error400.tpl" is missing.
#0 /matrix/www/arcslegacy/public_html/lib/Cake/View/View.php(441): View->_getViewFileName('error400')
#1 /matrix/www/arcslegacy/public_html/lib/Cake/Controller/Controller.php(933): View->render('error400', NULL)
#2 /matrix/www/arcslegacy/public_html/lib/Cake/Error/ExceptionRenderer.php(272): Controller->render('error400')
#3 /matrix/www/arcslegacy/public_html/lib/Cake/Error/ExceptionRenderer.php(215): ExceptionRenderer->_outputMessage('error400')
#4 [internal function]: ExceptionRenderer->error400(Object(MissingControllerException))
#5 /matrix/www/arcslegacy/public_html/lib/Cake/Error/ExceptionRenderer.php(165): call_user_func_array(Array, Array)
#6 /matrix/www/arcslegacy/public_html/lib/Cake/Error/ErrorHandler.php(127): ExceptionRenderer->render()
#7 [internal function]: ErrorHandler::handleException(Object(MissingControllerException))
#8 {main} in [/matrix/www/arcslegacy/public_html/lib/Cake/Error/ErrorHandler.php, line 136]
2015-01-29 10:31:42 Error: [MissingControllerException] Controller class RobotsController could not be found.
#0 /matrix/www/arcslegacy/public_html/app/webroot/index.php(96): Dispatcher->dispatch(Object(CakeRequest), Object(CakeResponse))
#1 {main}
2015-01-29 10:31:42 Error: Fatal Error (256): [MissingViewException] View file "/matrix/www/arcslegacy/public_html/app/View/Errors/txt/error400.tpl" is missing.
#0 /matrix/www/arcslegacy/public_html/lib/Cake/View/View.php(441): View->_getViewFileName('error400')
#1 /matrix/www/arcslegacy/public_html/lib/Cake/Controller/Controller.php(933): View->render('error400', NULL)
#2 /matrix/www/arcslegacy/public_html/lib/Cake/Error/ExceptionRenderer.php(272): Controller->render('error400')
#3 /matrix/www/arcslegacy/public_html/lib/Cake/Error/ExceptionRenderer.php(215): ExceptionRenderer->_outputMessage('error400')
#4 [internal function]: ExceptionRenderer->error400(Object(MissingControllerException))
#5 /matrix/www/arcslegacy/public_html/lib/Cake/Error/ExceptionRenderer.php(165): call_user_func_array(Array, Array)
#6 /matrix/www/arcslegacy/public_html/lib/Cake/Error/ErrorHandler.php(127): ExceptionRenderer->render()
#7 [internal function]: ErrorHandler::handleException(Object(MissingControllerException))
#8 {main} in [/matrix/www/arcslegacy/public_html/lib/Cake/Error/ErrorHandler.php, line 136]
2015-01-29 10:32:45 Error: [MissingControllerException] Controller class CssController could not be found.
#0 /matrix/www/arcslegacy/public_html/app/webroot/index.php(96): Dispatcher->dispatch(Object(CakeRequest), Object(CakeResponse))
#1 {main}
2015-01-29 10:32:45 Error: Fatal Error (256): [MissingViewException] View file "/matrix/www/arcslegacy/public_html/app/View/Errors/css/error400.tpl" is missing.
#0 /matrix/www/arcslegacy/public_html/lib/Cake/View/View.php(441): View->_getViewFileName('error400')
#1 /matrix/www/arcslegacy/public_html/lib/Cake/Controller/Controller.php(933): View->render('error400', NULL)
#2 /matrix/www/arcslegacy/public_html/lib/Cake/Error/ExceptionRenderer.php(272): Controller->render('error400')
#3 /matrix/www/arcslegacy/public_html/lib/Cake/Error/ExceptionRenderer.php(215): ExceptionRenderer->_outputMessage('error400')
#4 [internal function]: ExceptionRenderer->error400(Object(MissingControllerException))
#5 /matrix/www/arcslegacy/public_html/lib/Cake/Error/ExceptionRenderer.php(165): call_user_func_array(Array, Array)
#6 /matrix/www/arcslegacy/public_html/lib/Cake/Error/ErrorHandler.php(127): ExceptionRenderer->render()
#7 [internal function]: ErrorHandler::handleException(Object(MissingControllerException))
#8 {main} in [/matrix/www/arcslegacy/public_html/lib/Cake/Error/ErrorHandler.php, line 136]
2015-01-29 13:02:17 Error: [MissingControllerException] Controller class RobotsController could not be found.
#0 /matrix/www/arcslegacy/public_html/app/webroot/index.php(96): Dispatcher->dispatch(Object(CakeRequest), Object(CakeResponse))
#1 {main}
2015-01-29 13:02:17 Error: Fatal Error (256): [MissingViewException] View file "/matrix/www/arcslegacy/public_html/app/View/Errors/txt/error400.tpl" is missing.
#0 /matrix/www/arcslegacy/public_html/lib/Cake/View/View.php(441): View->_getViewFileName('error400')
#1 /matrix/www/arcslegacy/public_html/lib/Cake/Controller/Controller.php(933): View->render('error400', NULL)
#2 /matrix/www/arcslegacy/public_html/lib/Cake/Error/ExceptionRenderer.php(272): Controller->render('error400')
#3 /matrix/www/arcslegacy/public_html/lib/Cake/Error/ExceptionRenderer.php(215): ExceptionRenderer->_outputMessage('error400')
#4 [internal function]: ExceptionRenderer->error400(Object(MissingControllerException))
#5 /matrix/www/arcslegacy/public_html/lib/Cake/Error/ExceptionRenderer.php(165): call_user_func_array(Array, Array)
#6 /matrix/www/arcslegacy/public_html/lib/Cake/Error/ErrorHandler.php(127): ExceptionRenderer->render()
#7 [internal function]: ErrorHandler::handleException(Object(MissingControllerException))
#8 {main} in [/matrix/www/arcslegacy/public_html/lib/Cake/Error/ErrorHandler.php, line 136]
2015-01-30 10:10:14 Error: [MissingControllerException] Controller class RobotsController could not be found.
#0 /matrix/www/arcslegacy/public_html/app/webroot/index.php(96): Dispatcher->dispatch(Object(CakeRequest), Object(CakeResponse))
#1 {main}
2015-01-30 10:10:14 Error: Fatal Error (256): [MissingViewException] View file "/matrix/www/arcslegacy/public_html/app/View/Errors/txt/error400.tpl" is missing.
#0 /matrix/www/arcslegacy/public_html/lib/Cake/View/View.php(441): View->_getViewFileName('error400')
#1 /matrix/www/arcslegacy/public_html/lib/Cake/Controller/Controller.php(933): View->render('error400', NULL)
#2 /matrix/www/arcslegacy/public_html/lib/Cake/Error/ExceptionRenderer.php(272): Controller->render('error400')
#3 /matrix/www/arcslegacy/public_html/lib/Cake/Error/ExceptionRenderer.php(215): ExceptionRenderer->_outputMessage('error400')
#4 [internal function]: ExceptionRenderer->error400(Object(MissingControllerException))
#5 /matrix/www/arcslegacy/public_html/lib/Cake/Error/ExceptionRenderer.php(165): call_user_func_array(Array, Array)
#6 /matrix/www/arcslegacy/public_html/lib/Cake/Error/ErrorHandler.php(127): ExceptionRenderer->render()
#7 [internal function]: ErrorHandler::handleException(Object(MissingControllerException))
#8 {main} in [/matrix/www/arcslegacy/public_html/lib/Cake/Error/ErrorHandler.php, line 136]
2015-01-30 11:07:56 Error: [MissingControllerException] Controller class RobotsController could not be found.
#0 /matrix/www/arcslegacy/public_html/app/webroot/index.php(96): Dispatcher->dispatch(Object(CakeRequest), Object(CakeResponse))
#1 {main}
2015-01-30 11:07:56 Error: Fatal Error (256): [MissingViewException] View file "/matrix/www/arcslegacy/public_html/app/View/Errors/txt/error400.tpl" is missing.
#0 /matrix/www/arcslegacy/public_html/lib/Cake/View/View.php(441): View->_getViewFileName('error400')
#1 /matrix/www/arcslegacy/public_html/lib/Cake/Controller/Controller.php(933): View->render('error400', NULL)
#2 /matrix/www/arcslegacy/public_html/lib/Cake/Error/ExceptionRenderer.php(272): Controller->render('error400')
#3 /matrix/www/arcslegacy/public_html/lib/Cake/Error/ExceptionRenderer.php(215): ExceptionRenderer->_outputMessage('error400')
#4 [internal function]: ExceptionRenderer->error400(Object(MissingControllerException))
#5 /matrix/www/arcslegacy/public_html/lib/Cake/Error/ExceptionRenderer.php(165): call_user_func_array(Array, Array)
#6 /matrix/www/arcslegacy/public_html/lib/Cake/Error/ErrorHandler.php(127): ExceptionRenderer->render()
#7 [internal function]: ErrorHandler::handleException(Object(MissingControllerException))
#8 {main} in [/matrix/www/arcslegacy/public_html/lib/Cake/Error/ErrorHandler.php, line 136]
2015-01-30 21:31:57 Error: [MissingControllerException] Controller class RobotsController could not be found.
#0 /matrix/www/arcslegacy/public_html/app/webroot/index.php(96): Dispatcher->dispatch(Object(CakeRequest), Object(CakeResponse))
#1 {main}
2015-01-30 21:31:57 Error: Fatal Error (256): [MissingViewException] View file "/matrix/www/arcslegacy/public_html/app/View/Errors/txt/error400.tpl" is missing.
#0 /matrix/www/arcslegacy/public_html/lib/Cake/View/View.php(441): View->_getViewFileName('error400')
#1 /matrix/www/arcslegacy/public_html/lib/Cake/Controller/Controller.php(933): View->render('error400', NULL)
#2 /matrix/www/arcslegacy/public_html/lib/Cake/Error/ExceptionRenderer.php(272): Controller->render('error400')
#3 /matrix/www/arcslegacy/public_html/lib/Cake/Error/ExceptionRenderer.php(215): ExceptionRenderer->_outputMessage('error400')
#4 [internal function]: ExceptionRenderer->error400(Object(MissingControllerException))
#5 /matrix/www/arcslegacy/public_html/lib/Cake/Error/ExceptionRenderer.php(165): call_user_func_array(Array, Array)
#6 /matrix/www/arcslegacy/public_html/lib/Cake/Error/ErrorHandler.php(127): ExceptionRenderer->render()
#7 [internal function]: ErrorHandler::handleException(Object(MissingControllerException))
#8 {main} in [/matrix/www/arcslegacy/public_html/lib/Cake/Error/ErrorHandler.php, line 136]
2015-01-30 22:06:36 Error: [MissingControllerException] Controller class RobotsController could not be found.
#0 /matrix/www/arcslegacy/public_html/app/webroot/index.php(96): Dispatcher->dispatch(Object(CakeRequest), Object(CakeResponse))
#1 {main}
2015-01-30 22:06:37 Error: Fatal Error (256): [MissingViewException] View file "/matrix/www/arcslegacy/public_html/app/View/Errors/txt/error400.tpl" is missing.
#0 /matrix/www/arcslegacy/public_html/lib/Cake/View/View.php(441): View->_getViewFileName('error400')
#1 /matrix/www/arcslegacy/public_html/lib/Cake/Controller/Controller.php(933): View->render('error400', NULL)
#2 /matrix/www/arcslegacy/public_html/lib/Cake/Error/ExceptionRenderer.php(272): Controller->render('error400')
#3 /matrix/www/arcslegacy/public_html/lib/Cake/Error/ExceptionRenderer.php(215): ExceptionRenderer->_outputMessage('error400')
#4 [internal function]: ExceptionRenderer->error400(Object(MissingControllerException))
#5 /matrix/www/arcslegacy/public_html/lib/Cake/Error/ExceptionRenderer.php(165): call_user_func_array(Array, Array)
#6 /matrix/www/arcslegacy/public_html/lib/Cake/Error/ErrorHandler.php(127): ExceptionRenderer->render()
#7 [internal function]: ErrorHandler::handleException(Object(MissingControllerException))
#8 {main} in [/matrix/www/arcslegacy/public_html/lib/Cake/Error/ErrorHandler.php, line 136]
2015-01-31 01:37:22 Error: [MissingControllerException] Controller class RobotsController could not be found.
#0 /matrix/www/arcslegacy/public_html/app/webroot/index.php(96): Dispatcher->dispatch(Object(CakeRequest), Object(CakeResponse))
#1 {main}
2015-01-31 01:37:23 Error: Fatal Error (256): [MissingViewException] View file "/matrix/www/arcslegacy/public_html/app/View/Errors/txt/error400.tpl" is missing.
#0 /matrix/www/arcslegacy/public_html/lib/Cake/View/View.php(441): View->_getViewFileName('error400')
#1 /matrix/www/arcslegacy/public_html/lib/Cake/Controller/Controller.php(933): View->render('error400', NULL)
#2 /matrix/www/arcslegacy/public_html/lib/Cake/Error/ExceptionRenderer.php(272): Controller->render('error400')
#3 /matrix/www/arcslegacy/public_html/lib/Cake/Error/ExceptionRenderer.php(215): ExceptionRenderer->_outputMessage('error400')
#4 [internal function]: ExceptionRenderer->error400(Object(MissingControllerException))
#5 /matrix/www/arcslegacy/public_html/lib/Cake/Error/ExceptionRenderer.php(165): call_user_func_array(Array, Array)
#6 /matrix/www/arcslegacy/public_html/lib/Cake/Error/ErrorHandler.php(127): ExceptionRenderer->render()
#7 [internal function]: ErrorHandler::handleException(Object(MissingControllerException))
#8 {main} in [/matrix/www/arcslegacy/public_html/lib/Cake/Error/ErrorHandler.php, line 136]
2015-01-31 06:31:57 Error: [MissingControllerException] Controller class About-resourcesController could not be found.
#0 /matrix/www/arcslegacy/public_html/app/webroot/index.php(96): Dispatcher->dispatch(Object(CakeRequest), Object(CakeResponse))
#1 {main}
2015-01-31 06:38:20 Error: [MissingControllerException] Controller class UploadingController could not be found.
#0 /matrix/www/arcslegacy/public_html/app/webroot/index.php(96): Dispatcher->dispatch(Object(CakeRequest), Object(CakeResponse))
#1 {main}
2015-01-31 06:38:30 Error: [MissingControllerException] Controller class RobotsController could not be found.
#0 /matrix/www/arcslegacy/public_html/app/webroot/index.php(96): Dispatcher->dispatch(Object(CakeRequest), Object(CakeResponse))
#1 {main}
2015-01-31 06:38:30 Error: Fatal Error (256): [MissingViewException] View file "/matrix/www/arcslegacy/public_html/app/View/Errors/txt/error400.tpl" is missing.
#0 /matrix/www/arcslegacy/public_html/lib/Cake/View/View.php(441): View->_getViewFileName('error400')
#1 /matrix/www/arcslegacy/public_html/lib/Cake/Controller/Controller.php(933): View->render('error400', NULL)
#2 /matrix/www/arcslegacy/public_html/lib/Cake/Error/ExceptionRenderer.php(272): Controller->render('error400')
#3 /matrix/www/arcslegacy/public_html/lib/Cake/Error/ExceptionRenderer.php(215): ExceptionRenderer->_outputMessage('error400')
#4 [internal function]: ExceptionRenderer->error400(Object(MissingControllerException))
#5 /matrix/www/arcslegacy/public_html/lib/Cake/Error/ExceptionRenderer.php(165): call_user_func_array(Array, Array)
#6 /matrix/www/arcslegacy/public_html/lib/Cake/Error/ErrorHandler.php(127): ExceptionRenderer->render()
#7 [internal function]: ErrorHandler::handleException(Object(MissingControllerException))
#8 {main} in [/matrix/www/arcslegacy/public_html/lib/Cake/Error/ErrorHandler.php, line 136]
2015-01-31 06:38:31 Warning: Warning (2): Unknown: write failed: No space left on device (28) in [Unknown, line 0]
Trace:
[main] - [internal], line ??

2015-01-31 06:38:31 Warning: Warning (2): Unknown: Failed to write session data (files). Please verify that the current setting of session.save_path is correct (/tmp/phpsessions) in [Unknown, line 0]
Trace:
[main] - [internal], line ??

2015-01-31 11:31:06 Error: [MissingControllerException] Controller class Type%3A%20%22Photograph%22Controller could not be found.
#0 /matrix/www/arcslegacy/public_html/app/webroot/index.php(96): Dispatcher->dispatch(Object(CakeRequest), Object(CakeResponse))
#1 {main}
2015-02-01 12:56:53 Error: [MissingControllerException] Controller class RobotsController could not be found.
#0 /matrix/www/arcslegacy/public_html/app/webroot/index.php(96): Dispatcher->dispatch(Object(CakeRequest), Object(CakeResponse))
#1 {main}
2015-02-01 12:56:53 Error: Fatal Error (256): [MissingViewException] View file "/matrix/www/arcslegacy/public_html/app/View/Errors/txt/error400.tpl" is missing.
#0 /matrix/www/arcslegacy/public_html/lib/Cake/View/View.php(441): View->_getViewFileName('error400')
#1 /matrix/www/arcslegacy/public_html/lib/Cake/Controller/Controller.php(933): View->render('error400', NULL)
#2 /matrix/www/arcslegacy/public_html/lib/Cake/Error/ExceptionRenderer.php(272): Controller->render('error400')
#3 /matrix/www/arcslegacy/public_html/lib/Cake/Error/ExceptionRenderer.php(215): ExceptionRenderer->_outputMessage('error400')
#4 [internal function]: ExceptionRenderer->error400(Object(MissingControllerException))
#5 /matrix/www/arcslegacy/public_html/lib/Cake/Error/ExceptionRenderer.php(165): call_user_func_array(Array, Array)
#6 /matrix/www/arcslegacy/public_html/lib/Cake/Error/ErrorHandler.php(127): ExceptionRenderer->render()
#7 [internal function]: ErrorHandler::handleException(Object(MissingControllerException))
#8 {main} in [/matrix/www/arcslegacy/public_html/lib/Cake/Error/ErrorHandler.php, line 136]
2015-02-01 23:25:14 Error: [MissingControllerException] Controller class Apple-touch-icon-precomposedController could not be found.
#0 /matrix/www/arcslegacy/public_html/app/webroot/index.php(96): Dispatcher->dispatch(Object(CakeRequest), Object(CakeResponse))
#1 {main}
2015-02-01 23:25:14 Error: Fatal Error (256): [MissingViewException] View file "/matrix/www/arcslegacy/public_html/app/View/Errors/png/error400.tpl" is missing.
#0 /matrix/www/arcslegacy/public_html/lib/Cake/View/View.php(441): View->_getViewFileName('error400')
#1 /matrix/www/arcslegacy/public_html/lib/Cake/Controller/Controller.php(933): View->render('error400', NULL)
#2 /matrix/www/arcslegacy/public_html/lib/Cake/Error/ExceptionRenderer.php(272): Controller->render('error400')
#3 /matrix/www/arcslegacy/public_html/lib/Cake/Error/ExceptionRenderer.php(215): ExceptionRenderer->_outputMessage('error400')
#4 [internal function]: ExceptionRenderer->error400(Object(MissingControllerException))
#5 /matrix/www/arcslegacy/public_html/lib/Cake/Error/ExceptionRenderer.php(165): call_user_func_array(Array, Array)
#6 /matrix/www/arcslegacy/public_html/lib/Cake/Error/ErrorHandler.php(127): ExceptionRenderer->render()
#7 [internal function]: ErrorHandler::handleException(Object(MissingControllerException))
#8 {main} in [/matrix/www/arcslegacy/public_html/lib/Cake/Error/ErrorHandler.php, line 136]
2015-02-01 23:25:14 Error: [MissingControllerException] Controller class Apple-touch-iconController could not be found.
#0 /matrix/www/arcslegacy/public_html/app/webroot/index.php(96): Dispatcher->dispatch(Object(CakeRequest), Object(CakeResponse))
#1 {main}
2015-02-01 23:25:14 Error: Fatal Error (256): [MissingViewException] View file "/matrix/www/arcslegacy/public_html/app/View/Errors/png/error400.tpl" is missing.
#0 /matrix/www/arcslegacy/public_html/lib/Cake/View/View.php(441): View->_getViewFileName('error400')
#1 /matrix/www/arcslegacy/public_html/lib/Cake/Controller/Controller.php(933): View->render('error400', NULL)
#2 /matrix/www/arcslegacy/public_html/lib/Cake/Error/ExceptionRenderer.php(272): Controller->render('error400')
#3 /matrix/www/arcslegacy/public_html/lib/Cake/Error/ExceptionRenderer.php(215): ExceptionRenderer->_outputMessage('error400')
#4 [internal function]: ExceptionRenderer->error400(Object(MissingControllerException))
#5 /matrix/www/arcslegacy/public_html/lib/Cake/Error/ExceptionRenderer.php(165): call_user_func_array(Array, Array)
#6 /matrix/www/arcslegacy/public_html/lib/Cake/Error/ErrorHandler.php(127): ExceptionRenderer->render()
#7 [internal function]: ErrorHandler::handleException(Object(MissingControllerException))
#8 {main} in [/matrix/www/arcslegacy/public_html/lib/Cake/Error/ErrorHandler.php, line 136]
2015-02-02 10:34:48 Error: [MissingControllerException] Controller class RobotsController could not be found.
#0 /matrix/www/arcslegacy/public_html/app/webroot/index.php(96): Dispatcher->dispatch(Object(CakeRequest), Object(CakeResponse))
#1 {main}
2015-02-02 10:34:49 Error: Fatal Error (256): [MissingViewException] View file "/matrix/www/arcslegacy/public_html/app/View/Errors/txt/error400.tpl" is missing.
#0 /matrix/www/arcslegacy/public_html/lib/Cake/View/View.php(441): View->_getViewFileName('error400')
#1 /matrix/www/arcslegacy/public_html/lib/Cake/Controller/Controller.php(933): View->render('error400', NULL)
#2 /matrix/www/arcslegacy/public_html/lib/Cake/Error/ExceptionRenderer.php(272): Controller->render('error400')
#3 /matrix/www/arcslegacy/public_html/lib/Cake/Error/ExceptionRenderer.php(215): ExceptionRenderer->_outputMessage('error400')
#4 [internal function]: ExceptionRenderer->error400(Object(MissingControllerException))
#5 /matrix/www/arcslegacy/public_html/lib/Cake/Error/ExceptionRenderer.php(165): call_user_func_array(Array, Array)
#6 /matrix/www/arcslegacy/public_html/lib/Cake/Error/ErrorHandler.php(127): ExceptionRenderer->render()
#7 [internal function]: ErrorHandler::handleException(Object(MissingControllerException))
#8 {main} in [/matrix/www/arcslegacy/public_html/lib/Cake/Error/ErrorHandler.php, line 136]
2015-02-04 02:31:00 Error: [MissingControllerException] Controller class RobotsController could not be found.
#0 /matrix/www/arcslegacy/public_html/app/webroot/index.php(96): Dispatcher->dispatch(Object(CakeRequest), Object(CakeResponse))
#1 {main}
2015-02-04 02:31:00 Error: Fatal Error (256): [MissingViewException] View file "/matrix/www/arcslegacy/public_html/app/View/Errors/txt/error400.tpl" is missing.
#0 /matrix/www/arcslegacy/public_html/lib/Cake/View/View.php(441): View->_getViewFileName('error400')
#1 /matrix/www/arcslegacy/public_html/lib/Cake/Controller/Controller.php(933): View->render('error400', NULL)
#2 /matrix/www/arcslegacy/public_html/lib/Cake/Error/ExceptionRenderer.php(272): Controller->render('error400')
#3 /matrix/www/arcslegacy/public_html/lib/Cake/Error/ExceptionRenderer.php(215): ExceptionRenderer->_outputMessage('error400')
#4 [internal function]: ExceptionRenderer->error400(Object(MissingControllerException))
#5 /matrix/www/arcslegacy/public_html/lib/Cake/Error/ExceptionRenderer.php(165): call_user_func_array(Array, Array)
#6 /matrix/www/arcslegacy/public_html/lib/Cake/Error/ErrorHandler.php(127): ExceptionRenderer->render()
#7 [internal function]: ErrorHandler::handleException(Object(MissingControllerException))
#8 {main} in [/matrix/www/arcslegacy/public_html/lib/Cake/Error/ErrorHandler.php, line 136]
2015-02-04 04:53:24 Error: [MissingControllerException] Controller class AController could not be found.
#0 /matrix/www/arcslegacy/public_html/app/webroot/index.php(96): Dispatcher->dispatch(Object(CakeRequest), Object(CakeResponse))
#1 {main}
2015-02-05 01:04:26 Error: [MissingControllerException] Controller class RobotsController could not be found.
#0 /matrix/www/arcslegacy/public_html/app/webroot/index.php(96): Dispatcher->dispatch(Object(CakeRequest), Object(CakeResponse))
#1 {main}
2015-02-05 01:04:26 Error: Fatal Error (256): [MissingViewException] View file "/matrix/www/arcslegacy/public_html/app/View/Errors/txt/error400.tpl" is missing.
#0 /matrix/www/arcslegacy/public_html/lib/Cake/View/View.php(441): View->_getViewFileName('error400')
#1 /matrix/www/arcslegacy/public_html/lib/Cake/Controller/Controller.php(933): View->render('error400', NULL)
#2 /matrix/www/arcslegacy/public_html/lib/Cake/Error/ExceptionRenderer.php(272): Controller->render('error400')
#3 /matrix/www/arcslegacy/public_html/lib/Cake/Error/ExceptionRenderer.php(215): ExceptionRenderer->_outputMessage('error400')
#4 [internal function]: ExceptionRenderer->error400(Object(MissingControllerException))
#5 /matrix/www/arcslegacy/public_html/lib/Cake/Error/ExceptionRenderer.php(165): call_user_func_array(Array, Array)
#6 /matrix/www/arcslegacy/public_html/lib/Cake/Error/ErrorHandler.php(127): ExceptionRenderer->render()
#7 [internal function]: ErrorHandler::handleException(Object(MissingControllerException))
#8 {main} in [/matrix/www/arcslegacy/public_html/lib/Cake/Error/ErrorHandler.php, line 136]
2015-02-05 11:15:37 Error: [MissingControllerException] Controller class RobotsController could not be found.
#0 /matrix/www/arcslegacy/public_html/app/webroot/index.php(96): Dispatcher->dispatch(Object(CakeRequest), Object(CakeResponse))
#1 {main}
2015-02-05 11:15:37 Error: Fatal Error (256): [MissingViewException] View file "/matrix/www/arcslegacy/public_html/app/View/Errors/txt/error400.tpl" is missing.
#0 /matrix/www/arcslegacy/public_html/lib/Cake/View/View.php(441): View->_getViewFileName('error400')
#1 /matrix/www/arcslegacy/public_html/lib/Cake/Controller/Controller.php(933): View->render('error400', NULL)
#2 /matrix/www/arcslegacy/public_html/lib/Cake/Error/ExceptionRenderer.php(272): Controller->render('error400')
#3 /matrix/www/arcslegacy/public_html/lib/Cake/Error/ExceptionRenderer.php(215): ExceptionRenderer->_outputMessage('error400')
#4 [internal function]: ExceptionRenderer->error400(Object(MissingControllerException))
#5 /matrix/www/arcslegacy/public_html/lib/Cake/Error/ExceptionRenderer.php(165): call_user_func_array(Array, Array)
#6 /matrix/www/arcslegacy/public_html/lib/Cake/Error/ErrorHandler.php(127): ExceptionRenderer->render()
#7 [internal function]: ErrorHandler::handleException(Object(MissingControllerException))
#8 {main} in [/matrix/www/arcslegacy/public_html/lib/Cake/Error/ErrorHandler.php, line 136]
2015-02-05 14:53:45 Error: [MissingControllerException] Controller class SearchingController could not be found.
#0 /matrix/www/arcslegacy/public_html/app/webroot/index.php(96): Dispatcher->dispatch(Object(CakeRequest), Object(CakeResponse))
#1 {main}
2015-02-05 17:26:14 Error: [MissingControllerException] Controller class AnnotatingController could not be found.
#0 /matrix/www/arcslegacy/public_html/app/webroot/index.php(96): Dispatcher->dispatch(Object(CakeRequest), Object(CakeResponse))
#1 {main}
2015-02-05 18:27:56 Error: [MissingControllerException] Controller class About-collectionsController could not be found.
#0 /matrix/www/arcslegacy/public_html/app/webroot/index.php(96): Dispatcher->dispatch(Object(CakeRequest), Object(CakeResponse))
#1 {main}
2015-02-05 20:40:11 Error: [MissingControllerException] Controller class RobotsController could not be found.
#0 /matrix/www/arcslegacy/public_html/app/webroot/index.php(96): Dispatcher->dispatch(Object(CakeRequest), Object(CakeResponse))
#1 {main}
2015-02-05 20:40:11 Error: Fatal Error (256): [MissingViewException] View file "/matrix/www/arcslegacy/public_html/app/View/Errors/txt/error400.tpl" is missing.
#0 /matrix/www/arcslegacy/public_html/lib/Cake/View/View.php(441): View->_getViewFileName('error400')
#1 /matrix/www/arcslegacy/public_html/lib/Cake/Controller/Controller.php(933): View->render('error400', NULL)
#2 /matrix/www/arcslegacy/public_html/lib/Cake/Error/ExceptionRenderer.php(272): Controller->render('error400')
#3 /matrix/www/arcslegacy/public_html/lib/Cake/Error/ExceptionRenderer.php(215): ExceptionRenderer->_outputMessage('error400')
#4 [internal function]: ExceptionRenderer->error400(Object(MissingControllerException))
#5 /matrix/www/arcslegacy/public_html/lib/Cake/Error/ExceptionRenderer.php(165): call_user_func_array(Array, Array)
#6 /matrix/www/arcslegacy/public_html/lib/Cake/Error/ErrorHandler.php(127): ExceptionRenderer->render()
#7 [internal function]: ErrorHandler::handleException(Object(MissingControllerException))
#8 {main} in [/matrix/www/arcslegacy/public_html/lib/Cake/Error/ErrorHandler.php, line 136]
2015-02-06 16:50:18 Error: [MissingControllerException] Controller class RobotsController could not be found.
#0 /matrix/www/arcslegacy/public_html/app/webroot/index.php(96): Dispatcher->dispatch(Object(CakeRequest), Object(CakeResponse))
#1 {main}
2015-02-06 16:50:18 Error: Fatal Error (256): [MissingViewException] View file "/matrix/www/arcslegacy/public_html/app/View/Errors/txt/error400.tpl" is missing.
#0 /matrix/www/arcslegacy/public_html/lib/Cake/View/View.php(441): View->_getViewFileName('error400')
#1 /matrix/www/arcslegacy/public_html/lib/Cake/Controller/Controller.php(933): View->render('error400', NULL)
#2 /matrix/www/arcslegacy/public_html/lib/Cake/Error/ExceptionRenderer.php(272): Controller->render('error400')
#3 /matrix/www/arcslegacy/public_html/lib/Cake/Error/ExceptionRenderer.php(215): ExceptionRenderer->_outputMessage('error400')
#4 [internal function]: ExceptionRenderer->error400(Object(MissingControllerException))
#5 /matrix/www/arcslegacy/public_html/lib/Cake/Error/ExceptionRenderer.php(165): call_user_func_array(Array, Array)
#6 /matrix/www/arcslegacy/public_html/lib/Cake/Error/ErrorHandler.php(127): ExceptionRenderer->render()
#7 [internal function]: ErrorHandler::handleException(Object(MissingControllerException))
#8 {main} in [/matrix/www/arcslegacy/public_html/lib/Cake/Error/ErrorHandler.php, line 136]
2015-02-06 20:54:42 Error: [MissingControllerException] Controller class RobotsController could not be found.
#0 /matrix/www/arcslegacy/public_html/app/webroot/index.php(96): Dispatcher->dispatch(Object(CakeRequest), Object(CakeResponse))
#1 {main}
2015-02-06 20:54:43 Error: Fatal Error (256): [MissingViewException] View file "/matrix/www/arcslegacy/public_html/app/View/Errors/txt/error400.tpl" is missing.
#0 /matrix/www/arcslegacy/public_html/lib/Cake/View/View.php(441): View->_getViewFileName('error400')
#1 /matrix/www/arcslegacy/public_html/lib/Cake/Controller/Controller.php(933): View->render('error400', NULL)
#2 /matrix/www/arcslegacy/public_html/lib/Cake/Error/ExceptionRenderer.php(272): Controller->render('error400')
#3 /matrix/www/arcslegacy/public_html/lib/Cake/Error/ExceptionRenderer.php(215): ExceptionRenderer->_outputMessage('error400')
#4 [internal function]: ExceptionRenderer->error400(Object(MissingControllerException))
#5 /matrix/www/arcslegacy/public_html/lib/Cake/Error/ExceptionRenderer.php(165): call_user_func_array(Array, Array)
#6 /matrix/www/arcslegacy/public_html/lib/Cake/Error/ErrorHandler.php(127): ExceptionRenderer->render()
#7 [internal function]: ErrorHandler::handleException(Object(MissingControllerException))
#8 {main} in [/matrix/www/arcslegacy/public_html/lib/Cake/Error/ErrorHandler.php, line 136]
2015-02-06 20:55:04 Error: [MissingControllerException] Controller class RobotsController could not be found.
#0 /matrix/www/arcslegacy/public_html/app/webroot/index.php(96): Dispatcher->dispatch(Object(CakeRequest), Object(CakeResponse))
#1 {main}
2015-02-06 20:55:04 Error: Fatal Error (256): [MissingViewException] View file "/matrix/www/arcslegacy/public_html/app/View/Errors/txt/error400.tpl" is missing.
#0 /matrix/www/arcslegacy/public_html/lib/Cake/View/View.php(441): View->_getViewFileName('error400')
#1 /matrix/www/arcslegacy/public_html/lib/Cake/Controller/Controller.php(933): View->render('error400', NULL)
#2 /matrix/www/arcslegacy/public_html/lib/Cake/Error/ExceptionRenderer.php(272): Controller->render('error400')
#3 /matrix/www/arcslegacy/public_html/lib/Cake/Error/ExceptionRenderer.php(215): ExceptionRenderer->_outputMessage('error400')
#4 [internal function]: ExceptionRenderer->error400(Object(MissingControllerException))
#5 /matrix/www/arcslegacy/public_html/lib/Cake/Error/ExceptionRenderer.php(165): call_user_func_array(Array, Array)
#6 /matrix/www/arcslegacy/public_html/lib/Cake/Error/ErrorHandler.php(127): ExceptionRenderer->render()
#7 [internal function]: ErrorHandler::handleException(Object(MissingControllerException))
#8 {main} in [/matrix/www/arcslegacy/public_html/lib/Cake/Error/ErrorHandler.php, line 136]
2015-02-07 10:52:39 Error: [MissingControllerException] Controller class RobotsController could not be found.
#0 /matrix/www/arcslegacy/public_html/app/webroot/index.php(96): Dispatcher->dispatch(Object(CakeRequest), Object(CakeResponse))
#1 {main}
2015-02-07 10:52:39 Error: Fatal Error (256): [MissingViewException] View file "/matrix/www/arcslegacy/public_html/app/View/Errors/txt/error400.tpl" is missing.
#0 /matrix/www/arcslegacy/public_html/lib/Cake/View/View.php(441): View->_getViewFileName('error400')
#1 /matrix/www/arcslegacy/public_html/lib/Cake/Controller/Controller.php(933): View->render('error400', NULL)
#2 /matrix/www/arcslegacy/public_html/lib/Cake/Error/ExceptionRenderer.php(272): Controller->render('error400')
#3 /matrix/www/arcslegacy/public_html/lib/Cake/Error/ExceptionRenderer.php(215): ExceptionRenderer->_outputMessage('error400')
#4 [internal function]: ExceptionRenderer->error400(Object(MissingControllerException))
#5 /matrix/www/arcslegacy/public_html/lib/Cake/Error/ExceptionRenderer.php(165): call_user_func_array(Array, Array)
#6 /matrix/www/arcslegacy/public_html/lib/Cake/Error/ErrorHandler.php(127): ExceptionRenderer->render()
#7 [internal function]: ErrorHandler::handleException(Object(MissingControllerException))
#8 {main} in [/matrix/www/arcslegacy/public_html/lib/Cake/Error/ErrorHandler.php, line 136]
2015-02-08 10:47:52 Error: [MissingControllerException] Controller class RobotsController could not be found.
#0 /matrix/www/arcslegacy/public_html/app/webroot/index.php(96): Dispatcher->dispatch(Object(CakeRequest), Object(CakeResponse))
#1 {main}
2015-02-08 10:47:52 Error: Fatal Error (256): [MissingViewException] View file "/matrix/www/arcslegacy/public_html/app/View/Errors/txt/error400.tpl" is missing.
#0 /matrix/www/arcslegacy/public_html/lib/Cake/View/View.php(441): View->_getViewFileName('error400')
#1 /matrix/www/arcslegacy/public_html/lib/Cake/Controller/Controller.php(933): View->render('error400', NULL)
#2 /matrix/www/arcslegacy/public_html/lib/Cake/Error/ExceptionRenderer.php(272): Controller->render('error400')
#3 /matrix/www/arcslegacy/public_html/lib/Cake/Error/ExceptionRenderer.php(215): ExceptionRenderer->_outputMessage('error400')
#4 [internal function]: ExceptionRenderer->error400(Object(MissingControllerException))
#5 /matrix/www/arcslegacy/public_html/lib/Cake/Error/ExceptionRenderer.php(165): call_user_func_array(Array, Array)
#6 /matrix/www/arcslegacy/public_html/lib/Cake/Error/ErrorHandler.php(127): ExceptionRenderer->render()
#7 [internal function]: ErrorHandler::handleException(Object(MissingControllerException))
#8 {main} in [/matrix/www/arcslegacy/public_html/lib/Cake/Error/ErrorHandler.php, line 136]
2015-02-09 09:15:33 Error: [MissingControllerException] Controller class Apple-touch-icon-precomposedController could not be found.
#0 /matrix/www/arcslegacy/public_html/app/webroot/index.php(96): Dispatcher->dispatch(Object(CakeRequest), Object(CakeResponse))
#1 {main}
2015-02-09 09:15:33 Error: Fatal Error (256): [MissingViewException] View file "/matrix/www/arcslegacy/public_html/app/View/Errors/png/error400.tpl" is missing.
#0 /matrix/www/arcslegacy/public_html/lib/Cake/View/View.php(441): View->_getViewFileName('error400')
#1 /matrix/www/arcslegacy/public_html/lib/Cake/Controller/Controller.php(933): View->render('error400', NULL)
#2 /matrix/www/arcslegacy/public_html/lib/Cake/Error/ExceptionRenderer.php(272): Controller->render('error400')
#3 /matrix/www/arcslegacy/public_html/lib/Cake/Error/ExceptionRenderer.php(215): ExceptionRenderer->_outputMessage('error400')
#4 [internal function]: ExceptionRenderer->error400(Object(MissingControllerException))
#5 /matrix/www/arcslegacy/public_html/lib/Cake/Error/ExceptionRenderer.php(165): call_user_func_array(Array, Array)
#6 /matrix/www/arcslegacy/public_html/lib/Cake/Error/ErrorHandler.php(127): ExceptionRenderer->render()
#7 [internal function]: ErrorHandler::handleException(Object(MissingControllerException))
#8 {main} in [/matrix/www/arcslegacy/public_html/lib/Cake/Error/ErrorHandler.php, line 136]
2015-02-09 09:15:33 Error: [MissingControllerException] Controller class Apple-touch-iconController could not be found.
#0 /matrix/www/arcslegacy/public_html/app/webroot/index.php(96): Dispatcher->dispatch(Object(CakeRequest), Object(CakeResponse))
#1 {main}
2015-02-09 09:15:33 Error: Fatal Error (256): [MissingViewException] View file "/matrix/www/arcslegacy/public_html/app/View/Errors/png/error400.tpl" is missing.
#0 /matrix/www/arcslegacy/public_html/lib/Cake/View/View.php(441): View->_getViewFileName('error400')
#1 /matrix/www/arcslegacy/public_html/lib/Cake/Controller/Controller.php(933): View->render('error400', NULL)
#2 /matrix/www/arcslegacy/public_html/lib/Cake/Error/ExceptionRenderer.php(272): Controller->render('error400')
#3 /matrix/www/arcslegacy/public_html/lib/Cake/Error/ExceptionRenderer.php(215): ExceptionRenderer->_outputMessage('error400')
#4 [internal function]: ExceptionRenderer->error400(Object(MissingControllerException))
#5 /matrix/www/arcslegacy/public_html/lib/Cake/Error/ExceptionRenderer.php(165): call_user_func_array(Array, Array)
#6 /matrix/www/arcslegacy/public_html/lib/Cake/Error/ErrorHandler.php(127): ExceptionRenderer->render()
#7 [internal function]: ErrorHandler::handleException(Object(MissingControllerException))
#8 {main} in [/matrix/www/arcslegacy/public_html/lib/Cake/Error/ErrorHandler.php, line 136]
2015-02-11 04:07:02 Error: [MissingControllerException] Controller class RobotsController could not be found.
#0 /matrix/www/arcslegacy/public_html/app/webroot/index.php(96): Dispatcher->dispatch(Object(CakeRequest), Object(CakeResponse))
#1 {main}
2015-02-11 04:07:02 Error: Fatal Error (256): [MissingViewException] View file "/matrix/www/arcslegacy/public_html/app/View/Errors/txt/error400.tpl" is missing.
#0 /matrix/www/arcslegacy/public_html/lib/Cake/View/View.php(441): View->_getViewFileName('error400')
#1 /matrix/www/arcslegacy/public_html/lib/Cake/Controller/Controller.php(933): View->render('error400', NULL)
#2 /matrix/www/arcslegacy/public_html/lib/Cake/Error/ExceptionRenderer.php(272): Controller->render('error400')
#3 /matrix/www/arcslegacy/public_html/lib/Cake/Error/ExceptionRenderer.php(215): ExceptionRenderer->_outputMessage('error400')
#4 [internal function]: ExceptionRenderer->error400(Object(MissingControllerException))
#5 /matrix/www/arcslegacy/public_html/lib/Cake/Error/ExceptionRenderer.php(165): call_user_func_array(Array, Array)
#6 /matrix/www/arcslegacy/public_html/lib/Cake/Error/ErrorHandler.php(127): ExceptionRenderer->render()
#7 [internal function]: ErrorHandler::handleException(Object(MissingControllerException))
#8 {main} in [/matrix/www/arcslegacy/public_html/lib/Cake/Error/ErrorHandler.php, line 136]
2015-02-12 12:10:43 Error: [MissingControllerException] Controller class RobotsController could not be found.
#0 /matrix/www/arcslegacy/public_html/app/webroot/index.php(96): Dispatcher->dispatch(Object(CakeRequest), Object(CakeResponse))
#1 {main}
2015-02-12 12:10:44 Error: Fatal Error (256): [MissingViewException] View file "/matrix/www/arcslegacy/public_html/app/View/Errors/txt/error400.tpl" is missing.
#0 /matrix/www/arcslegacy/public_html/lib/Cake/View/View.php(441): View->_getViewFileName('error400')
#1 /matrix/www/arcslegacy/public_html/lib/Cake/Controller/Controller.php(933): View->render('error400', NULL)
#2 /matrix/www/arcslegacy/public_html/lib/Cake/Error/ExceptionRenderer.php(272): Controller->render('error400')
#3 /matrix/www/arcslegacy/public_html/lib/Cake/Error/ExceptionRenderer.php(215): ExceptionRenderer->_outputMessage('error400')
#4 [internal function]: ExceptionRenderer->error400(Object(MissingControllerException))
#5 /matrix/www/arcslegacy/public_html/lib/Cake/Error/ExceptionRenderer.php(165): call_user_func_array(Array, Array)
#6 /matrix/www/arcslegacy/public_html/lib/Cake/Error/ErrorHandler.php(127): ExceptionRenderer->render()
#7 [internal function]: ErrorHandler::handleException(Object(MissingControllerException))
#8 {main} in [/matrix/www/arcslegacy/public_html/lib/Cake/Error/ErrorHandler.php, line 136]
2015-02-13 09:30:13 Error: [MissingControllerException] Controller class RobotsController could not be found.
#0 /matrix/www/arcslegacy/public_html/app/webroot/index.php(96): Dispatcher->dispatch(Object(CakeRequest), Object(CakeResponse))
#1 {main}
2015-02-13 09:30:14 Error: Fatal Error (256): [MissingViewException] View file "/matrix/www/arcslegacy/public_html/app/View/Errors/txt/error400.tpl" is missing.
#0 /matrix/www/arcslegacy/public_html/lib/Cake/View/View.php(441): View->_getViewFileName('error400')
#1 /matrix/www/arcslegacy/public_html/lib/Cake/Controller/Controller.php(933): View->render('error400', NULL)
#2 /matrix/www/arcslegacy/public_html/lib/Cake/Error/ExceptionRenderer.php(272): Controller->render('error400')
#3 /matrix/www/arcslegacy/public_html/lib/Cake/Error/ExceptionRenderer.php(215): ExceptionRenderer->_outputMessage('error400')
#4 [internal function]: ExceptionRenderer->error400(Object(MissingControllerException))
#5 /matrix/www/arcslegacy/public_html/lib/Cake/Error/ExceptionRenderer.php(165): call_user_func_array(Array, Array)
#6 /matrix/www/arcslegacy/public_html/lib/Cake/Error/ErrorHandler.php(127): ExceptionRenderer->render()
#7 [internal function]: ErrorHandler::handleException(Object(MissingControllerException))
#8 {main} in [/matrix/www/arcslegacy/public_html/lib/Cake/Error/ErrorHandler.php, line 136]
2015-02-13 10:15:24 Error: [MissingControllerException] Controller class RobotsController could not be found.
#0 /matrix/www/arcslegacy/public_html/app/webroot/index.php(96): Dispatcher->dispatch(Object(CakeRequest), Object(CakeResponse))
#1 {main}
2015-02-13 10:15:25 Error: Fatal Error (256): [MissingViewException] View file "/matrix/www/arcslegacy/public_html/app/View/Errors/txt/error400.tpl" is missing.
#0 /matrix/www/arcslegacy/public_html/lib/Cake/View/View.php(441): View->_getViewFileName('error400')
#1 /matrix/www/arcslegacy/public_html/lib/Cake/Controller/Controller.php(933): View->render('error400', NULL)
#2 /matrix/www/arcslegacy/public_html/lib/Cake/Error/ExceptionRenderer.php(272): Controller->render('error400')
#3 /matrix/www/arcslegacy/public_html/lib/Cake/Error/ExceptionRenderer.php(215): ExceptionRenderer->_outputMessage('error400')
#4 [internal function]: ExceptionRenderer->error400(Object(MissingControllerException))
#5 /matrix/www/arcslegacy/public_html/lib/Cake/Error/ExceptionRenderer.php(165): call_user_func_array(Array, Array)
#6 /matrix/www/arcslegacy/public_html/lib/Cake/Error/ErrorHandler.php(127): ExceptionRenderer->render()
#7 [internal function]: ErrorHandler::handleException(Object(MissingControllerException))
#8 {main} in [/matrix/www/arcslegacy/public_html/lib/Cake/Error/ErrorHandler.php, line 136]
2015-02-14 10:51:46 Error: [MissingControllerException] Controller class RobotsController could not be found.
#0 /matrix/www/arcslegacy/public_html/app/webroot/index.php(96): Dispatcher->dispatch(Object(CakeRequest), Object(CakeResponse))
#1 {main}
2015-02-14 10:51:46 Error: Fatal Error (256): [MissingViewException] View file "/matrix/www/arcslegacy/public_html/app/View/Errors/txt/error400.tpl" is missing.
#0 /matrix/www/arcslegacy/public_html/lib/Cake/View/View.php(441): View->_getViewFileName('error400')
#1 /matrix/www/arcslegacy/public_html/lib/Cake/Controller/Controller.php(933): View->render('error400', NULL)
#2 /matrix/www/arcslegacy/public_html/lib/Cake/Error/ExceptionRenderer.php(272): Controller->render('error400')
#3 /matrix/www/arcslegacy/public_html/lib/Cake/Error/ExceptionRenderer.php(215): ExceptionRenderer->_outputMessage('error400')
#4 [internal function]: ExceptionRenderer->error400(Object(MissingControllerException))
#5 /matrix/www/arcslegacy/public_html/lib/Cake/Error/ExceptionRenderer.php(165): call_user_func_array(Array, Array)
#6 /matrix/www/arcslegacy/public_html/lib/Cake/Error/ErrorHandler.php(127): ExceptionRenderer->render()
#7 [internal function]: ErrorHandler::handleException(Object(MissingControllerException))
#8 {main} in [/matrix/www/arcslegacy/public_html/lib/Cake/Error/ErrorHandler.php, line 136]
2015-02-14 17:38:35 Warning: Warning (2): Unknown: write failed: No space left on device (28) in [Unknown, line 0]
Trace:
[main] - [internal], line ??

2015-02-14 17:38:35 Warning: Warning (2): Unknown: Failed to write session data (files). Please verify that the current setting of session.save_path is correct (/tmp/phpsessions) in [Unknown, line 0]
Trace:
[main] - [internal], line ??

2015-02-17 04:07:04 Error: [MissingControllerException] Controller class RobotsController could not be found.
#0 /matrix/www/arcslegacy/public_html/app/webroot/index.php(96): Dispatcher->dispatch(Object(CakeRequest), Object(CakeResponse))
#1 {main}
2015-02-17 04:07:04 Error: Fatal Error (256): [MissingViewException] View file "/matrix/www/arcslegacy/public_html/app/View/Errors/txt/error400.tpl" is missing.
#0 /matrix/www/arcslegacy/public_html/lib/Cake/View/View.php(441): View->_getViewFileName('error400')
#1 /matrix/www/arcslegacy/public_html/lib/Cake/Controller/Controller.php(933): View->render('error400', NULL)
#2 /matrix/www/arcslegacy/public_html/lib/Cake/Error/ExceptionRenderer.php(272): Controller->render('error400')
#3 /matrix/www/arcslegacy/public_html/lib/Cake/Error/ExceptionRenderer.php(215): ExceptionRenderer->_outputMessage('error400')
#4 [internal function]: ExceptionRenderer->error400(Object(MissingControllerException))
#5 /matrix/www/arcslegacy/public_html/lib/Cake/Error/ExceptionRenderer.php(165): call_user_func_array(Array, Array)
#6 /matrix/www/arcslegacy/public_html/lib/Cake/Error/ErrorHandler.php(127): ExceptionRenderer->render()
#7 [internal function]: ErrorHandler::handleException(Object(MissingControllerException))
#8 {main} in [/matrix/www/arcslegacy/public_html/lib/Cake/Error/ErrorHandler.php, line 136]
2015-02-17 10:51:46 Error: [MissingControllerException] Controller class RobotsController could not be found.
#0 /matrix/www/arcslegacy/public_html/app/webroot/index.php(96): Dispatcher->dispatch(Object(CakeRequest), Object(CakeResponse))
#1 {main}
2015-02-17 10:51:47 Error: Fatal Error (256): [MissingViewException] View file "/matrix/www/arcslegacy/public_html/app/View/Errors/txt/error400.tpl" is missing.
#0 /matrix/www/arcslegacy/public_html/lib/Cake/View/View.php(441): View->_getViewFileName('error400')
#1 /matrix/www/arcslegacy/public_html/lib/Cake/Controller/Controller.php(933): View->render('error400', NULL)
#2 /matrix/www/arcslegacy/public_html/lib/Cake/Error/ExceptionRenderer.php(272): Controller->render('error400')
#3 /matrix/www/arcslegacy/public_html/lib/Cake/Error/ExceptionRenderer.php(215): ExceptionRenderer->_outputMessage('error400')
#4 [internal function]: ExceptionRenderer->error400(Object(MissingControllerException))
#5 /matrix/www/arcslegacy/public_html/lib/Cake/Error/ExceptionRenderer.php(165): call_user_func_array(Array, Array)
#6 /matrix/www/arcslegacy/public_html/lib/Cake/Error/ErrorHandler.php(127): ExceptionRenderer->render()
#7 [internal function]: ErrorHandler::handleException(Object(MissingControllerException))
#8 {main} in [/matrix/www/arcslegacy/public_html/lib/Cake/Error/ErrorHandler.php, line 136]
2015-02-17 14:35:21 Error: [MissingControllerException] Controller class Apple-touch-icon-precomposedController could not be found.
#0 /matrix/www/arcslegacy/public_html/app/webroot/index.php(96): Dispatcher->dispatch(Object(CakeRequest), Object(CakeResponse))
#1 {main}
2015-02-17 14:35:21 Error: Fatal Error (256): [MissingViewException] View file "/matrix/www/arcslegacy/public_html/app/View/Errors/png/error400.tpl" is missing.
#0 /matrix/www/arcslegacy/public_html/lib/Cake/View/View.php(441): View->_getViewFileName('error400')
#1 /matrix/www/arcslegacy/public_html/lib/Cake/Controller/Controller.php(933): View->render('error400', NULL)
#2 /matrix/www/arcslegacy/public_html/lib/Cake/Error/ExceptionRenderer.php(272): Controller->render('error400')
#3 /matrix/www/arcslegacy/public_html/lib/Cake/Error/ExceptionRenderer.php(215): ExceptionRenderer->_outputMessage('error400')
#4 [internal function]: ExceptionRenderer->error400(Object(MissingControllerException))
#5 /matrix/www/arcslegacy/public_html/lib/Cake/Error/ExceptionRenderer.php(165): call_user_func_array(Array, Array)
#6 /matrix/www/arcslegacy/public_html/lib/Cake/Error/ErrorHandler.php(127): ExceptionRenderer->render()
#7 [internal function]: ErrorHandler::handleException(Object(MissingControllerException))
#8 {main} in [/matrix/www/arcslegacy/public_html/lib/Cake/Error/ErrorHandler.php, line 136]
2015-02-17 14:35:22 Error: [MissingControllerException] Controller class Apple-touch-iconController could not be found.
#0 /matrix/www/arcslegacy/public_html/app/webroot/index.php(96): Dispatcher->dispatch(Object(CakeRequest), Object(CakeResponse))
#1 {main}
2015-02-17 14:35:22 Error: Fatal Error (256): [MissingViewException] View file "/matrix/www/arcslegacy/public_html/app/View/Errors/png/error400.tpl" is missing.
#0 /matrix/www/arcslegacy/public_html/lib/Cake/View/View.php(441): View->_getViewFileName('error400')
#1 /matrix/www/arcslegacy/public_html/lib/Cake/Controller/Controller.php(933): View->render('error400', NULL)
#2 /matrix/www/arcslegacy/public_html/lib/Cake/Error/ExceptionRenderer.php(272): Controller->render('error400')
#3 /matrix/www/arcslegacy/public_html/lib/Cake/Error/ExceptionRenderer.php(215): ExceptionRenderer->_outputMessage('error400')
#4 [internal function]: ExceptionRenderer->error400(Object(MissingControllerException))
#5 /matrix/www/arcslegacy/public_html/lib/Cake/Error/ExceptionRenderer.php(165): call_user_func_array(Array, Array)
#6 /matrix/www/arcslegacy/public_html/lib/Cake/Error/ErrorHandler.php(127): ExceptionRenderer->render()
#7 [internal function]: ErrorHandler::handleException(Object(MissingControllerException))
#8 {main} in [/matrix/www/arcslegacy/public_html/lib/Cake/Error/ErrorHandler.php, line 136]
2015-02-19 04:39:16 Error: [MissingControllerException] Controller class RobotsController could not be found.
#0 /matrix/www/arcslegacy/public_html/app/webroot/index.php(96): Dispatcher->dispatch(Object(CakeRequest), Object(CakeResponse))
#1 {main}
2015-02-19 04:39:17 Error: Fatal Error (256): [MissingViewException] View file "/matrix/www/arcslegacy/public_html/app/View/Errors/txt/error400.tpl" is missing.
#0 /matrix/www/arcslegacy/public_html/lib/Cake/View/View.php(441): View->_getViewFileName('error400')
#1 /matrix/www/arcslegacy/public_html/lib/Cake/Controller/Controller.php(933): View->render('error400', NULL)
#2 /matrix/www/arcslegacy/public_html/lib/Cake/Error/ExceptionRenderer.php(272): Controller->render('error400')
#3 /matrix/www/arcslegacy/public_html/lib/Cake/Error/ExceptionRenderer.php(215): ExceptionRenderer->_outputMessage('error400')
#4 [internal function]: ExceptionRenderer->error400(Object(MissingControllerException))
#5 /matrix/www/arcslegacy/public_html/lib/Cake/Error/ExceptionRenderer.php(165): call_user_func_array(Array, Array)
#6 /matrix/www/arcslegacy/public_html/lib/Cake/Error/ErrorHandler.php(127): ExceptionRenderer->render()
#7 [internal function]: ErrorHandler::handleException(Object(MissingControllerException))
#8 {main} in [/matrix/www/arcslegacy/public_html/lib/Cake/Error/ErrorHandler.php, line 136]
2015-02-19 12:46:47 Error: [MissingControllerException] Controller class RobotsController could not be found.
#0 /matrix/www/arcslegacy/public_html/app/webroot/index.php(96): Dispatcher->dispatch(Object(CakeRequest), Object(CakeResponse))
#1 {main}
2015-02-19 12:46:47 Error: Fatal Error (256): [MissingViewException] View file "/matrix/www/arcslegacy/public_html/app/View/Errors/txt/error400.tpl" is missing.
#0 /matrix/www/arcslegacy/public_html/lib/Cake/View/View.php(441): View->_getViewFileName('error400')
#1 /matrix/www/arcslegacy/public_html/lib/Cake/Controller/Controller.php(933): View->render('error400', NULL)
#2 /matrix/www/arcslegacy/public_html/lib/Cake/Error/ExceptionRenderer.php(272): Controller->render('error400')
#3 /matrix/www/arcslegacy/public_html/lib/Cake/Error/ExceptionRenderer.php(215): ExceptionRenderer->_outputMessage('error400')
#4 [internal function]: ExceptionRenderer->error400(Object(MissingControllerException))
#5 /matrix/www/arcslegacy/public_html/lib/Cake/Error/ExceptionRenderer.php(165): call_user_func_array(Array, Array)
#6 /matrix/www/arcslegacy/public_html/lib/Cake/Error/ErrorHandler.php(127): ExceptionRenderer->render()
#7 [internal function]: ErrorHandler::handleException(Object(MissingControllerException))
#8 {main} in [/matrix/www/arcslegacy/public_html/lib/Cake/Error/ErrorHandler.php, line 136]
2015-02-22 14:07:57 Error: [MissingControllerException] Controller class Apple-touch-icon-precomposedController could not be found.
#0 /matrix/www/arcslegacy/public_html/app/webroot/index.php(96): Dispatcher->dispatch(Object(CakeRequest), Object(CakeResponse))
#1 {main}
2015-02-22 14:07:57 Error: Fatal Error (256): [MissingViewException] View file "/matrix/www/arcslegacy/public_html/app/View/Errors/png/error400.tpl" is missing.
#0 /matrix/www/arcslegacy/public_html/lib/Cake/View/View.php(441): View->_getViewFileName('error400')
#1 /matrix/www/arcslegacy/public_html/lib/Cake/Controller/Controller.php(933): View->render('error400', NULL)
#2 /matrix/www/arcslegacy/public_html/lib/Cake/Error/ExceptionRenderer.php(272): Controller->render('error400')
#3 /matrix/www/arcslegacy/public_html/lib/Cake/Error/ExceptionRenderer.php(215): ExceptionRenderer->_outputMessage('error400')
#4 [internal function]: ExceptionRenderer->error400(Object(MissingControllerException))
#5 /matrix/www/arcslegacy/public_html/lib/Cake/Error/ExceptionRenderer.php(165): call_user_func_array(Array, Array)
#6 /matrix/www/arcslegacy/public_html/lib/Cake/Error/ErrorHandler.php(127): ExceptionRenderer->render()
#7 [internal function]: ErrorHandler::handleException(Object(MissingControllerException))
#8 {main} in [/matrix/www/arcslegacy/public_html/lib/Cake/Error/ErrorHandler.php, line 136]
2015-02-22 14:07:57 Error: [MissingControllerException] Controller class Apple-touch-iconController could not be found.
#0 /matrix/www/arcslegacy/public_html/app/webroot/index.php(96): Dispatcher->dispatch(Object(CakeRequest), Object(CakeResponse))
#1 {main}
2015-02-22 14:07:57 Error: Fatal Error (256): [MissingViewException] View file "/matrix/www/arcslegacy/public_html/app/View/Errors/png/error400.tpl" is missing.
#0 /matrix/www/arcslegacy/public_html/lib/Cake/View/View.php(441): View->_getViewFileName('error400')
#1 /matrix/www/arcslegacy/public_html/lib/Cake/Controller/Controller.php(933): View->render('error400', NULL)
#2 /matrix/www/arcslegacy/public_html/lib/Cake/Error/ExceptionRenderer.php(272): Controller->render('error400')
#3 /matrix/www/arcslegacy/public_html/lib/Cake/Error/ExceptionRenderer.php(215): ExceptionRenderer->_outputMessage('error400')
#4 [internal function]: ExceptionRenderer->error400(Object(MissingControllerException))
#5 /matrix/www/arcslegacy/public_html/lib/Cake/Error/ExceptionRenderer.php(165): call_user_func_array(Array, Array)
#6 /matrix/www/arcslegacy/public_html/lib/Cake/Error/ErrorHandler.php(127): ExceptionRenderer->render()
#7 [internal function]: ErrorHandler::handleException(Object(MissingControllerException))
#8 {main} in [/matrix/www/arcslegacy/public_html/lib/Cake/Error/ErrorHandler.php, line 136]
2015-02-23 14:36:53 Error: [MissingControllerException] Controller class CssController could not be found.
#0 /matrix/dev/public_html/arcs/app/webroot/index.php(96): Dispatcher->dispatch(Object(CakeRequest), Object(CakeResponse))
#1 {main}
2015-02-23 14:36:53 Error: Fatal Error (256): [MissingViewException] View file "/matrix/dev/public_html/arcs/app/View/Errors/css/error400.tpl" is missing.
#0 /matrix/dev/public_html/arcs/lib/Cake/View/View.php(441): View->_getViewFileName('error400')
#1 /matrix/dev/public_html/arcs/lib/Cake/Controller/Controller.php(933): View->render('error400', NULL)
#2 /matrix/dev/public_html/arcs/lib/Cake/Error/ExceptionRenderer.php(272): Controller->render('error400')
#3 /matrix/dev/public_html/arcs/lib/Cake/Error/ExceptionRenderer.php(215): ExceptionRenderer->_outputMessage('error400')
#4 [internal function]: ExceptionRenderer->error400(Object(MissingControllerException))
#5 /matrix/dev/public_html/arcs/lib/Cake/Error/ExceptionRenderer.php(165): call_user_func_array(Array, Array)
#6 /matrix/dev/public_html/arcs/lib/Cake/Error/ErrorHandler.php(127): ExceptionRenderer->render()
#7 [internal function]: ErrorHandler::handleException(Object(MissingControllerException))
#8 {main} in [/matrix/dev/public_html/arcs/lib/Cake/Error/ErrorHandler.php, line 136]
2015-02-23 14:37:02 Error: [MissingControllerException] Controller class CssController could not be found.
#0 /matrix/dev/public_html/arcs/app/webroot/index.php(96): Dispatcher->dispatch(Object(CakeRequest), Object(CakeResponse))
#1 {main}
2015-02-23 14:37:02 Error: Fatal Error (256): [MissingViewException] View file "/matrix/dev/public_html/arcs/app/View/Errors/css/error400.tpl" is missing.
#0 /matrix/dev/public_html/arcs/lib/Cake/View/View.php(441): View->_getViewFileName('error400')
#1 /matrix/dev/public_html/arcs/lib/Cake/Controller/Controller.php(933): View->render('error400', NULL)
#2 /matrix/dev/public_html/arcs/lib/Cake/Error/ExceptionRenderer.php(272): Controller->render('error400')
#3 /matrix/dev/public_html/arcs/lib/Cake/Error/ExceptionRenderer.php(215): ExceptionRenderer->_outputMessage('error400')
#4 [internal function]: ExceptionRenderer->error400(Object(MissingControllerException))
#5 /matrix/dev/public_html/arcs/lib/Cake/Error/ExceptionRenderer.php(165): call_user_func_array(Array, Array)
#6 /matrix/dev/public_html/arcs/lib/Cake/Error/ErrorHandler.php(127): ExceptionRenderer->render()
#7 [internal function]: ErrorHandler::handleException(Object(MissingControllerException))
#8 {main} in [/matrix/dev/public_html/arcs/lib/Cake/Error/ErrorHandler.php, line 136]
2015-03-24 10:25:15 Error: [MissingActionException] Action UploadsController::5() could not be found.
#0 /matrix/dev/public_html/arcs/lib/Cake/Routing/Dispatcher.php(104): Controller->invokeAction(Object(CakeRequest))
#1 /matrix/dev/public_html/arcs/lib/Cake/Routing/Dispatcher.php(86): Dispatcher->_invoke(Object(UploadsController), Object(CakeRequest), Object(CakeResponse))
#2 /matrix/dev/public_html/arcs/app/webroot/index.php(96): Dispatcher->dispatch(Object(CakeRequest), Object(CakeResponse))
#3 {main}
2015-03-24 10:25:15 Error: Fatal Error (256): [MissingViewException] View file "/matrix/dev/public_html/arcs/app/View/Errors/png/error400.tpl" is missing.
#0 /matrix/dev/public_html/arcs/lib/Cake/View/View.php(441): View->_getViewFileName('error400')
#1 /matrix/dev/public_html/arcs/lib/Cake/Controller/Controller.php(933): View->render('error400', NULL)
#2 /matrix/dev/public_html/arcs/lib/Cake/Error/ExceptionRenderer.php(272): Controller->render('error400')
#3 /matrix/dev/public_html/arcs/lib/Cake/Error/ExceptionRenderer.php(215): ExceptionRenderer->_outputMessage('error400')
#4 [internal function]: ExceptionRenderer->error400(Object(MissingActionException))
#5 /matrix/dev/public_html/arcs/lib/Cake/Error/ExceptionRenderer.php(165): call_user_func_array(Array, Array)
#6 /matrix/dev/public_html/arcs/lib/Cake/Error/ErrorHandler.php(127): ExceptionRenderer->render()
#7 [internal function]: ErrorHandler::handleException(Object(MissingActionException))
#8 {main} in [/matrix/dev/public_html/arcs/lib/Cake/Error/ErrorHandler.php, line 136]
2015-03-24 10:25:15 Error: [MissingActionException] Action UploadsController::1() could not be found.
#0 /matrix/dev/public_html/arcs/lib/Cake/Routing/Dispatcher.php(104): Controller->invokeAction(Object(CakeRequest))
#1 /matrix/dev/public_html/arcs/lib/Cake/Routing/Dispatcher.php(86): Dispatcher->_invoke(Object(UploadsController), Object(CakeRequest), Object(CakeResponse))
#2 /matrix/dev/public_html/arcs/app/webroot/index.php(96): Dispatcher->dispatch(Object(CakeRequest), Object(CakeResponse))
#3 {main}
2015-03-24 10:25:15 Error: Fatal Error (256): [MissingViewException] View file "/matrix/dev/public_html/arcs/app/View/Errors/png/error400.tpl" is missing.
#0 /matrix/dev/public_html/arcs/lib/Cake/View/View.php(441): View->_getViewFileName('error400')
#1 /matrix/dev/public_html/arcs/lib/Cake/Controller/Controller.php(933): View->render('error400', NULL)
#2 /matrix/dev/public_html/arcs/lib/Cake/Error/ExceptionRenderer.php(272): Controller->render('error400')
#3 /matrix/dev/public_html/arcs/lib/Cake/Error/ExceptionRenderer.php(215): ExceptionRenderer->_outputMessage('error400')
#4 [internal function]: ExceptionRenderer->error400(Object(MissingActionException))
#5 /matrix/dev/public_html/arcs/lib/Cake/Error/ExceptionRenderer.php(165): call_user_func_array(Array, Array)
#6 /matrix/dev/public_html/arcs/lib/Cake/Error/ErrorHandler.php(127): ExceptionRenderer->render()
#7 [internal function]: ErrorHandler::handleException(Object(MissingActionException))
#8 {main} in [/matrix/dev/public_html/arcs/lib/Cake/Error/ErrorHandler.php, line 136]
